[debug] [2021-02-08T05:23:36.603Z] ----------------------------------------------------------------------
[debug] [2021-02-08T05:23:36.606Z] Command:       /Users/christianruiz/.nvm/versions/node/v14.15.1/bin/node /Users/christianruiz/.nvm/versions/node/v14.15.1/bin/firebase emulators:start
[debug] [2021-02-08T05:23:36.606Z] CLI Version:   9.3.0
[debug] [2021-02-08T05:23:36.606Z] Platform:      darwin
[debug] [2021-02-08T05:23:36.606Z] Node Version:  v14.15.1
[debug] [2021-02-08T05:23:36.612Z] Time:          Sun Feb 07 2021 21:23:36 GMT-0800 (Pacific Standard Time)
[debug] [2021-02-08T05:23:36.612Z] ----------------------------------------------------------------------
[debug] [2021-02-08T05:23:36.613Z] 
[debug] [2021-02-08T05:23:36.615Z] >>> [apiv2][query] GET https://firebase-public.firebaseio.com/cli.json [none]
[debug] [2021-02-08T05:23:36.641Z] > command requires scopes: ["email","openid","https://www.googleapis.com/auth/cloudplatformprojects.readonly","https://www.googleapis.com/auth/firebase","https://www.googleapis.com/auth/cloud-platform"]
[debug] [2021-02-08T05:23:36.642Z] > authorizing via signed-in user
[info] i  emulators: Starting emulators: functions, hosting {"metadata":{"emulator":{"name":"hub"},"message":"Starting emulators: functions, hosting"}}
[debug] [2021-02-08T05:23:36.664Z] [hub] writing locator at /var/folders/tl/t314ytdn4dq0tsf6gzh1mwwc0000gn/T/hub-clone-36ea8.json
[warn] ⚠  functions: The following emulators are not running, calls to these services from the Functions emulator will affect production: auth, firestore, database, pubsub {"metadata":{"emulator":{"name":"functions"},"message":"The following emulators are not running, calls to these services from the Functions emulator will affect production: \u001b[1mauth, firestore, database, pubsub\u001b[22m"}}
[warn] ⚠  Your requested "node" version "12" doesn't match your global version "14" {"metadata":{"emulator":{"name":"functions"},"message":"Your requested \"node\" version \"12\" doesn't match your global version \"14\""}}
[debug] [2021-02-08T05:23:36.706Z] defaultcredentials: writing to file /Users/christianruiz/.config/firebase/ruizchristian01_gmail_com_application_default_credentials.json
[debug] [2021-02-08T05:23:36.710Z] Setting GAC to /Users/christianruiz/.config/firebase/ruizchristian01_gmail_com_application_default_credentials.json {"metadata":{"emulator":{"name":"functions"},"message":"Setting GAC to /Users/christianruiz/.config/firebase/ruizchristian01_gmail_com_application_default_credentials.json"}}
[debug] [2021-02-08T05:23:36.712Z] > refreshing access token with scopes: []
[debug] [2021-02-08T05:23:36.713Z] >>> HTTP REQUEST POST https://www.googleapis.com/oauth2/v3/token  
 <request body omitted>
[debug] [2021-02-08T05:23:36.910Z] <<< HTTP RESPONSE 200 {"pragma":"no-cache","date":"Mon, 08 Feb 2021 05:23:36 GMT","expires":"Mon, 01 Jan 1990 00:00:00 GMT","cache-control":"no-cache, no-store, max-age=0, must-revalidate","content-type":"application/json; charset=utf-8","vary":"X-Origin, Referer, Origin,Accept-Encoding","server":"scaffolding on HTTPServer2","x-xss-protection":"0","x-frame-options":"SAMEORIGIN","x-content-type-options":"nosniff","alt-svc":"h3-29=\":443\"; ma=2592000,h3-T051=\":443\"; ma=2592000,h3-Q050=\":443\"; ma=2592000,h3-Q046=\":443\"; ma=2592000,h3-Q043=\":443\"; ma=2592000,quic=\":443\"; ma=2592000; v=\"46,43\"","accept-ranges":"none","transfer-encoding":"chunked"}
[debug] [2021-02-08T05:23:36.925Z] >>> [apiv2][query] GET https://firebase.googleapis.com/v1beta1/projects/clone-36ea8/adminSdkConfig [none]
[debug] [2021-02-08T05:23:37.442Z] <<< [apiv2][status] GET https://firebase-public.firebaseio.com/cli.json 200
[debug] [2021-02-08T05:23:37.442Z] <<< [apiv2][body] GET https://firebase-public.firebaseio.com/cli.json {"cloudBuildErrorAfter":1594252800000,"cloudBuildWarnAfter":1590019200000,"defaultNode10After":1594252800000,"minVersion":"3.0.5","node8DeploysDisabledAfter":1613390400000,"node8RuntimeDisabledAfter":1615809600000,"node8WarnAfter":1600128000000}
[debug] [2021-02-08T05:23:37.505Z] <<< [apiv2][status] GET https://firebase.googleapis.com/v1beta1/projects/clone-36ea8/adminSdkConfig 200
[debug] [2021-02-08T05:23:37.505Z] <<< [apiv2][body] GET https://firebase.googleapis.com/v1beta1/projects/clone-36ea8/adminSdkConfig {"projectId":"clone-36ea8","storageBucket":"clone-36ea8.appspot.com"}
[debug] [2021-02-08T05:23:37.777Z] >>> [apiv2][query] GET https://firebase.googleapis.com/v1beta1/projects/clone-36ea8/webApps/-/config [none]
[debug] [2021-02-08T05:23:38.322Z] <<< [apiv2][status] GET https://firebase.googleapis.com/v1beta1/projects/clone-36ea8/webApps/-/config 200
[debug] [2021-02-08T05:23:38.322Z] <<< [apiv2][body] GET https://firebase.googleapis.com/v1beta1/projects/clone-36ea8/webApps/-/config {"projectId":"clone-36ea8","appId":"1:871937463222:web:e98e4b47092f01d5c46717","storageBucket":"clone-36ea8.appspot.com","apiKey":"AIzaSyBRECcacIqpoISIqjlm09rRhRLnnLrEeCc","authDomain":"clone-36ea8.firebaseapp.com","messagingSenderId":"871937463222","measurementId":"G-7LMZCQT1BM"}
[info] i  hosting: Serving hosting files from: build {"metadata":{"emulator":{"name":"hosting"},"message":"Serving hosting files from: \u001b[1mbuild\u001b[22m"}}
[info] ✔  hosting: Local server: http://localhost:5000 {"metadata":{"emulator":{"name":"hosting"},"message":"Local server: \u001b[4m\u001b[1mhttp://localhost:5000\u001b[22m\u001b[24m"}}
[debug] [2021-02-08T05:23:38.607Z] Ignoring unsupported arg: auto_download {"metadata":{"emulator":{"name":"ui"},"message":"Ignoring unsupported arg: auto_download"}}
[debug] [2021-02-08T05:23:38.607Z] Ignoring unsupported arg: port {"metadata":{"emulator":{"name":"ui"},"message":"Ignoring unsupported arg: port"}}
[debug] [2021-02-08T05:23:38.607Z] Starting Emulator UI with command {"binary":"node","args":["/Users/christianruiz/.cache/firebase/emulators/ui-v1.4.1/server.bundle.js"],"optionalArgs":[],"joinArgs":false} {"metadata":{"emulator":{"name":"ui"},"message":"Starting Emulator UI with command {\"binary\":\"node\",\"args\":[\"/Users/christianruiz/.cache/firebase/emulators/ui-v1.4.1/server.bundle.js\"],\"optionalArgs\":[],\"joinArgs\":false}"}}
[info] i  ui: Emulator UI logging to ui-debug.log {"metadata":{"emulator":{"name":"ui"},"message":"Emulator UI logging to \u001b[1mui-debug.log\u001b[22m"}}
[debug] [2021-02-08T05:23:38.712Z] Web / API server started at http://localhost:4000
 {"metadata":{"emulator":{"name":"ui"},"message":"Web / API server started at http://localhost:4000\n"}}
[info] i  functions: Watching "/Users/christianruiz/play_projects/react_projects/amazon-clone/functions" for Cloud Functions... {"metadata":{"emulator":{"name":"functions"},"message":"Watching \"/Users/christianruiz/play_projects/react_projects/amazon-clone/functions\" for Cloud Functions..."}}
[debug] [2021-02-08T05:23:38.886Z] [worker-pool] addWorker(~diagnostic~) {"metadata":{"emulator":{"name":"functions"},"message":"[worker-pool] addWorker(~diagnostic~)"}}
[debug] [2021-02-08T05:23:38.886Z] [worker-pool] Adding worker with key ~diagnostic~, total=1 {"metadata":{"emulator":{"name":"functions"},"message":"[worker-pool] Adding worker with key ~diagnostic~, total=1"}}
[debug] [2021-02-08T05:23:38.887Z] [worker-pool] submitWork(triggerId=) {"metadata":{"emulator":{"name":"functions"},"message":"[worker-pool] submitWork(triggerId=)"}}
[debug] [2021-02-08T05:23:38.887Z] [worker-~diagnostic~-13fa9028-7cb8-485e-bb68-d8b93e647820]: Assigning socketPath: /var/folders/tl/t314ytdn4dq0tsf6gzh1mwwc0000gn/T/fire_emu_18002.sock {"metadata":{"emulator":{"name":"functions"},"message":"[worker-~diagnostic~-13fa9028-7cb8-485e-bb68-d8b93e647820]: Assigning socketPath: /var/folders/tl/t314ytdn4dq0tsf6gzh1mwwc0000gn/T/fire_emu_18002.sock"}}
[debug] [2021-02-08T05:23:38.887Z] [worker-~diagnostic~-13fa9028-7cb8-485e-bb68-d8b93e647820]: BUSY {"metadata":{"emulator":{"name":"functions"},"message":"[worker-~diagnostic~-13fa9028-7cb8-485e-bb68-d8b93e647820]: BUSY"}}
[debug] [2021-02-08T05:23:39.031Z] [runtime-status] [18002] Functions runtime initialized. {"cwd":"/Users/christianruiz/play_projects/react_projects/amazon-clone/functions","node_version":"14.15.1"} {"metadata":{"emulator":{"name":"functions"},"message":"[runtime-status] [18002] Functions runtime initialized. {\"cwd\":\"/Users/christianruiz/play_projects/react_projects/amazon-clone/functions\",\"node_version\":\"14.15.1\"}"}}
[debug] [2021-02-08T05:23:39.032Z] [runtime-status] [18002] Disabled runtime features: undefined {"metadata":{"emulator":{"name":"functions"},"message":"[runtime-status] [18002] Disabled runtime features: undefined"}}
[debug] [2021-02-08T05:23:39.040Z] [runtime-status] [18002] Resolved module firebase-admin {"declared":true,"installed":true,"version":"9.4.2","resolution":"/Users/christianruiz/play_projects/react_projects/amazon-clone/functions/node_modules/firebase-admin/lib/index.js"} {"metadata":{"emulator":{"name":"functions"},"message":"[runtime-status] [18002] Resolved module firebase-admin {\"declared\":true,\"installed\":true,\"version\":\"9.4.2\",\"resolution\":\"/Users/christianruiz/play_projects/react_projects/amazon-clone/functions/node_modules/firebase-admin/lib/index.js\"}"}}
[debug] [2021-02-08T05:23:39.043Z] [runtime-status] [18002] Resolved module firebase-functions {"declared":true,"installed":true,"version":"3.13.1","resolution":"/Users/christianruiz/play_projects/react_projects/amazon-clone/functions/node_modules/firebase-functions/lib/index.js"} {"metadata":{"emulator":{"name":"functions"},"message":"[runtime-status] [18002] Resolved module firebase-functions {\"declared\":true,\"installed\":true,\"version\":\"3.13.1\",\"resolution\":\"/Users/christianruiz/play_projects/react_projects/amazon-clone/functions/node_modules/firebase-functions/lib/index.js\"}"}}
[debug] [2021-02-08T05:23:39.045Z] [runtime-status] [18002] Resolved module firebase-functions {"declared":true,"installed":true,"version":"3.13.1","resolution":"/Users/christianruiz/play_projects/react_projects/amazon-clone/functions/node_modules/firebase-functions/lib/index.js"} {"metadata":{"emulator":{"name":"functions"},"message":"[runtime-status] [18002] Resolved module firebase-functions {\"declared\":true,\"installed\":true,\"version\":\"3.13.1\",\"resolution\":\"/Users/christianruiz/play_projects/react_projects/amazon-clone/functions/node_modules/firebase-functions/lib/index.js\"}"}}
[debug] [2021-02-08T05:23:39.047Z] [runtime-status] [18002] Outgoing network have been stubbed. [{"name":"http","status":"mocked"},{"name":"http","status":"mocked"},{"name":"https","status":"mocked"},{"name":"https","status":"mocked"},{"name":"net","status":"mocked"}] {"metadata":{"emulator":{"name":"functions"},"message":"[runtime-status] [18002] Outgoing network have been stubbed. [{\"name\":\"http\",\"status\":\"mocked\"},{\"name\":\"http\",\"status\":\"mocked\"},{\"name\":\"https\",\"status\":\"mocked\"},{\"name\":\"https\",\"status\":\"mocked\"},{\"name\":\"net\",\"status\":\"mocked\"}]"}}
[debug] [2021-02-08T05:23:39.048Z] [runtime-status] [18002] Resolved module firebase-functions {"declared":true,"installed":true,"version":"3.13.1","resolution":"/Users/christianruiz/play_projects/react_projects/amazon-clone/functions/node_modules/firebase-functions/lib/index.js"} {"metadata":{"emulator":{"name":"functions"},"message":"[runtime-status] [18002] Resolved module firebase-functions {\"declared\":true,\"installed\":true,\"version\":\"3.13.1\",\"resolution\":\"/Users/christianruiz/play_projects/react_projects/amazon-clone/functions/node_modules/firebase-functions/lib/index.js\"}"}}
[debug] [2021-02-08T05:23:39.136Z] [runtime-status] [18002] Checked functions.config() {"config":{}} {"metadata":{"emulator":{"name":"functions"},"message":"[runtime-status] [18002] Checked functions.config() {\"config\":{}}"}}
[debug] [2021-02-08T05:23:39.137Z] [runtime-status] [18002] firebase-functions has been stubbed. {"functionsResolution":{"declared":true,"installed":true,"version":"3.13.1","resolution":"/Users/christianruiz/play_projects/react_projects/amazon-clone/functions/node_modules/firebase-functions/lib/index.js"}} {"metadata":{"emulator":{"name":"functions"},"message":"[runtime-status] [18002] firebase-functions has been stubbed. {\"functionsResolution\":{\"declared\":true,\"installed\":true,\"version\":\"3.13.1\",\"resolution\":\"/Users/christianruiz/play_projects/react_projects/amazon-clone/functions/node_modules/firebase-functions/lib/index.js\"}}"}}
[debug] [2021-02-08T05:23:39.137Z] [runtime-status] [18002] Resolved module firebase-functions {"declared":true,"installed":true,"version":"3.13.1","resolution":"/Users/christianruiz/play_projects/react_projects/amazon-clone/functions/node_modules/firebase-functions/lib/index.js"} {"metadata":{"emulator":{"name":"functions"},"message":"[runtime-status] [18002] Resolved module firebase-functions {\"declared\":true,\"installed\":true,\"version\":\"3.13.1\",\"resolution\":\"/Users/christianruiz/play_projects/react_projects/amazon-clone/functions/node_modules/firebase-functions/lib/index.js\"}"}}
[debug] [2021-02-08T05:23:39.138Z] [runtime-status] [18002] Resolved module firebase-admin {"declared":true,"installed":true,"version":"9.4.2","resolution":"/Users/christianruiz/play_projects/react_projects/amazon-clone/functions/node_modules/firebase-admin/lib/index.js"} {"metadata":{"emulator":{"name":"functions"},"message":"[runtime-status] [18002] Resolved module firebase-admin {\"declared\":true,\"installed\":true,\"version\":\"9.4.2\",\"resolution\":\"/Users/christianruiz/play_projects/react_projects/amazon-clone/functions/node_modules/firebase-admin/lib/index.js\"}"}}
[debug] [2021-02-08T05:23:39.139Z] [runtime-status] [18002] Resolved module firebase-functions {"declared":true,"installed":true,"version":"3.13.1","resolution":"/Users/christianruiz/play_projects/react_projects/amazon-clone/functions/node_modules/firebase-functions/lib/index.js"} {"metadata":{"emulator":{"name":"functions"},"message":"[runtime-status] [18002] Resolved module firebase-functions {\"declared\":true,\"installed\":true,\"version\":\"3.13.1\",\"resolution\":\"/Users/christianruiz/play_projects/react_projects/amazon-clone/functions/node_modules/firebase-functions/lib/index.js\"}"}}
[debug] [2021-02-08T05:23:39.140Z] [runtime-status] [18002] firebase-admin has been stubbed. {"adminResolution":{"declared":true,"installed":true,"version":"9.4.2","resolution":"/Users/christianruiz/play_projects/react_projects/amazon-clone/functions/node_modules/firebase-admin/lib/index.js"}} {"metadata":{"emulator":{"name":"functions"},"message":"[runtime-status] [18002] firebase-admin has been stubbed. {\"adminResolution\":{\"declared\":true,\"installed\":true,\"version\":\"9.4.2\",\"resolution\":\"/Users/christianruiz/play_projects/react_projects/amazon-clone/functions/node_modules/firebase-admin/lib/index.js\"}}"}}
[info] ✔  functions[api]: http function initialized (http://localhost:5001/clone-36ea8/us-central1/api). {"metadata":{"emulator":{"name":"functions"},"message":"\u001b[1mhttp\u001b[22m function initialized (http://localhost:5001/clone-36ea8/us-central1/api)."}}
[info] 
┌─────────────────────────────────────────────────────────────┐
│ ✔  All emulators ready! It is now safe to connect your app. │
│ i  View Emulator UI at http://localhost:4000                │
└─────────────────────────────────────────────────────────────┘

┌───────────┬────────────────┬─────────────────────────────────┐
│ Emulator  │ Host:Port      │ View in Emulator UI             │
├───────────┼────────────────┼─────────────────────────────────┤
│ Functions │ localhost:5001 │ http://localhost:4000/functions │
├───────────┼────────────────┼─────────────────────────────────┤
│ Hosting   │ localhost:5000 │ n/a                             │
└───────────┴────────────────┴─────────────────────────────────┘
  Emulator Hub running at localhost:4400
  Other reserved ports: 4500

Issues? Report them at https://github.com/firebase/firebase-tools/issues and attach the *-debug.log files.
 
[debug] [2021-02-08T05:23:39.371Z] [worker-~diagnostic~-13fa9028-7cb8-485e-bb68-d8b93e647820]: IDLE {"metadata":{"emulator":{"name":"functions"},"message":"[worker-~diagnostic~-13fa9028-7cb8-485e-bb68-d8b93e647820]: IDLE"}}
[debug] [2021-02-08T05:24:13.704Z] [work-queue] {"queueLength":1,"workRunningCount":0}
[debug] [2021-02-08T05:24:13.705Z] [work-queue] {"queueLength":0,"workRunningCount":1}
[debug] [2021-02-08T05:24:13.706Z] Accepted request POST /clone-36ea8/us-central1/api/payments/create?total=5998 --> api
[debug] [2021-02-08T05:24:13.712Z] [worker-pool] addWorker(api) {"metadata":{"emulator":{"name":"functions"},"message":"[worker-pool] addWorker(api)"}}
[debug] [2021-02-08T05:24:13.712Z] [worker-pool] Adding worker with key api, total=1 {"metadata":{"emulator":{"name":"functions"},"message":"[worker-pool] Adding worker with key api, total=1"}}
[debug] [2021-02-08T05:24:13.712Z] [worker-pool] submitWork(triggerId=api) {"metadata":{"emulator":{"name":"functions"},"message":"[worker-pool] submitWork(triggerId=api)"}}
[debug] [2021-02-08T05:24:13.713Z] [worker-api-02c939f4-fc2c-4ec8-90f2-42091d54ff09]: Assigning socketPath: /var/folders/tl/t314ytdn4dq0tsf6gzh1mwwc0000gn/T/fire_emu_18020.sock {"metadata":{"emulator":{"name":"functions"},"message":"[worker-api-02c939f4-fc2c-4ec8-90f2-42091d54ff09]: Assigning socketPath: /var/folders/tl/t314ytdn4dq0tsf6gzh1mwwc0000gn/T/fire_emu_18020.sock"}}
[debug] [2021-02-08T05:24:13.713Z] [worker-api-02c939f4-fc2c-4ec8-90f2-42091d54ff09]: BUSY {"metadata":{"emulator":{"name":"functions"},"message":"[worker-api-02c939f4-fc2c-4ec8-90f2-42091d54ff09]: BUSY"}}
[debug] [2021-02-08T05:24:13.933Z] [runtime-status] [18020] Functions runtime initialized. {"cwd":"/Users/christianruiz/play_projects/react_projects/amazon-clone/functions","node_version":"14.15.1"} {"metadata":{"emulator":{"name":"functions"},"function":{"name":"api"},"message":"[runtime-status] [18020] Functions runtime initialized. {\"cwd\":\"/Users/christianruiz/play_projects/react_projects/amazon-clone/functions\",\"node_version\":\"14.15.1\"}"}}
[debug] [2021-02-08T05:24:13.934Z] [runtime-status] [18020] Disabled runtime features: undefined {"metadata":{"emulator":{"name":"functions"},"function":{"name":"api"},"message":"[runtime-status] [18020] Disabled runtime features: undefined"}}
[debug] [2021-02-08T05:24:13.941Z] [runtime-status] [18020] Resolved module firebase-admin {"declared":true,"installed":true,"version":"9.4.2","resolution":"/Users/christianruiz/play_projects/react_projects/amazon-clone/functions/node_modules/firebase-admin/lib/index.js"} {"metadata":{"emulator":{"name":"functions"},"function":{"name":"api"},"message":"[runtime-status] [18020] Resolved module firebase-admin {\"declared\":true,\"installed\":true,\"version\":\"9.4.2\",\"resolution\":\"/Users/christianruiz/play_projects/react_projects/amazon-clone/functions/node_modules/firebase-admin/lib/index.js\"}"}}
[debug] [2021-02-08T05:24:13.941Z] [runtime-status] [18020] Resolved module firebase-functions {"declared":true,"installed":true,"version":"3.13.1","resolution":"/Users/christianruiz/play_projects/react_projects/amazon-clone/functions/node_modules/firebase-functions/lib/index.js"} {"metadata":{"emulator":{"name":"functions"},"function":{"name":"api"},"message":"[runtime-status] [18020] Resolved module firebase-functions {\"declared\":true,\"installed\":true,\"version\":\"3.13.1\",\"resolution\":\"/Users/christianruiz/play_projects/react_projects/amazon-clone/functions/node_modules/firebase-functions/lib/index.js\"}"}}
[debug] [2021-02-08T05:24:13.945Z] [runtime-status] [18020] Resolved module firebase-functions {"declared":true,"installed":true,"version":"3.13.1","resolution":"/Users/christianruiz/play_projects/react_projects/amazon-clone/functions/node_modules/firebase-functions/lib/index.js"} {"metadata":{"emulator":{"name":"functions"},"function":{"name":"api"},"message":"[runtime-status] [18020] Resolved module firebase-functions {\"declared\":true,\"installed\":true,\"version\":\"3.13.1\",\"resolution\":\"/Users/christianruiz/play_projects/react_projects/amazon-clone/functions/node_modules/firebase-functions/lib/index.js\"}"}}
[debug] [2021-02-08T05:24:13.947Z] [runtime-status] [18020] Outgoing network have been stubbed. [{"name":"http","status":"mocked"},{"name":"http","status":"mocked"},{"name":"https","status":"mocked"},{"name":"https","status":"mocked"},{"name":"net","status":"mocked"}] {"metadata":{"emulator":{"name":"functions"},"function":{"name":"api"},"message":"[runtime-status] [18020] Outgoing network have been stubbed. [{\"name\":\"http\",\"status\":\"mocked\"},{\"name\":\"http\",\"status\":\"mocked\"},{\"name\":\"https\",\"status\":\"mocked\"},{\"name\":\"https\",\"status\":\"mocked\"},{\"name\":\"net\",\"status\":\"mocked\"}]"}}
[debug] [2021-02-08T05:24:13.947Z] [runtime-status] [18020] Resolved module firebase-functions {"declared":true,"installed":true,"version":"3.13.1","resolution":"/Users/christianruiz/play_projects/react_projects/amazon-clone/functions/node_modules/firebase-functions/lib/index.js"} {"metadata":{"emulator":{"name":"functions"},"function":{"name":"api"},"message":"[runtime-status] [18020] Resolved module firebase-functions {\"declared\":true,\"installed\":true,\"version\":\"3.13.1\",\"resolution\":\"/Users/christianruiz/play_projects/react_projects/amazon-clone/functions/node_modules/firebase-functions/lib/index.js\"}"}}
[debug] [2021-02-08T05:24:14.013Z] [runtime-status] [18020] Checked functions.config() {"config":{}} {"metadata":{"emulator":{"name":"functions"},"function":{"name":"api"},"message":"[runtime-status] [18020] Checked functions.config() {\"config\":{}}"}}
[debug] [2021-02-08T05:24:14.013Z] [runtime-status] [18020] firebase-functions has been stubbed. {"functionsResolution":{"declared":true,"installed":true,"version":"3.13.1","resolution":"/Users/christianruiz/play_projects/react_projects/amazon-clone/functions/node_modules/firebase-functions/lib/index.js"}} {"metadata":{"emulator":{"name":"functions"},"function":{"name":"api"},"message":"[runtime-status] [18020] firebase-functions has been stubbed. {\"functionsResolution\":{\"declared\":true,\"installed\":true,\"version\":\"3.13.1\",\"resolution\":\"/Users/christianruiz/play_projects/react_projects/amazon-clone/functions/node_modules/firebase-functions/lib/index.js\"}}"}}
[debug] [2021-02-08T05:24:14.014Z] [runtime-status] [18020] Resolved module firebase-functions {"declared":true,"installed":true,"version":"3.13.1","resolution":"/Users/christianruiz/play_projects/react_projects/amazon-clone/functions/node_modules/firebase-functions/lib/index.js"} {"metadata":{"emulator":{"name":"functions"},"function":{"name":"api"},"message":"[runtime-status] [18020] Resolved module firebase-functions {\"declared\":true,\"installed\":true,\"version\":\"3.13.1\",\"resolution\":\"/Users/christianruiz/play_projects/react_projects/amazon-clone/functions/node_modules/firebase-functions/lib/index.js\"}"}}
[debug] [2021-02-08T05:24:14.015Z] [runtime-status] [18020] Resolved module firebase-admin {"declared":true,"installed":true,"version":"9.4.2","resolution":"/Users/christianruiz/play_projects/react_projects/amazon-clone/functions/node_modules/firebase-admin/lib/index.js"} {"metadata":{"emulator":{"name":"functions"},"function":{"name":"api"},"message":"[runtime-status] [18020] Resolved module firebase-admin {\"declared\":true,\"installed\":true,\"version\":\"9.4.2\",\"resolution\":\"/Users/christianruiz/play_projects/react_projects/amazon-clone/functions/node_modules/firebase-admin/lib/index.js\"}"}}
[debug] [2021-02-08T05:24:14.016Z] [runtime-status] [18020] Resolved module firebase-functions {"declared":true,"installed":true,"version":"3.13.1","resolution":"/Users/christianruiz/play_projects/react_projects/amazon-clone/functions/node_modules/firebase-functions/lib/index.js"} {"metadata":{"emulator":{"name":"functions"},"function":{"name":"api"},"message":"[runtime-status] [18020] Resolved module firebase-functions {\"declared\":true,\"installed\":true,\"version\":\"3.13.1\",\"resolution\":\"/Users/christianruiz/play_projects/react_projects/amazon-clone/functions/node_modules/firebase-functions/lib/index.js\"}"}}
[debug] [2021-02-08T05:24:14.016Z] [runtime-status] [18020] firebase-admin has been stubbed. {"adminResolution":{"declared":true,"installed":true,"version":"9.4.2","resolution":"/Users/christianruiz/play_projects/react_projects/amazon-clone/functions/node_modules/firebase-admin/lib/index.js"}} {"metadata":{"emulator":{"name":"functions"},"function":{"name":"api"},"message":"[runtime-status] [18020] firebase-admin has been stubbed. {\"adminResolution\":{\"declared\":true,\"installed\":true,\"version\":\"9.4.2\",\"resolution\":\"/Users/christianruiz/play_projects/react_projects/amazon-clone/functions/node_modules/firebase-admin/lib/index.js\"}}"}}
[debug] [2021-02-08T05:24:14.230Z] [runtime-status] [18020] Trigger "api" has been found, beginning invocation! {"metadata":{"emulator":{"name":"functions"},"function":{"name":"api"},"message":"[runtime-status] [18020] Trigger \"api\" has been found, beginning invocation!"}}
[info] i  functions: Beginning execution of "api" {"metadata":{"emulator":{"name":"functions"},"function":{"name":"api"},"message":"Beginning execution of \"api\""}}
[debug] [2021-02-08T05:24:14.231Z] [runtime-status] [18020] triggerDefinition {"httpsTrigger":{},"name":"api","entryPoint":"api"} {"metadata":{"emulator":{"name":"functions"},"function":{"name":"api"},"message":"[runtime-status] [18020] triggerDefinition {\"httpsTrigger\":{},\"name\":\"api\",\"entryPoint\":\"api\"}"}}
[debug] [2021-02-08T05:24:14.231Z] [runtime-status] [18020] Running api in mode HTTPS {"metadata":{"emulator":{"name":"functions"},"function":{"name":"api"},"message":"[runtime-status] [18020] Running api in mode HTTPS"}}
[debug] [2021-02-08T05:24:14.234Z] [runtime-status] [18020] Attempting to listen to socketPath: /var/folders/tl/t314ytdn4dq0tsf6gzh1mwwc0000gn/T/fire_emu_18020.sock {"metadata":{"emulator":{"name":"functions"},"function":{"name":"api"},"message":"[runtime-status] [18020] Attempting to listen to socketPath: /var/folders/tl/t314ytdn4dq0tsf6gzh1mwwc0000gn/T/fire_emu_18020.sock"}}
[debug] [2021-02-08T05:24:14.239Z] [functions] Runtime ready! Sending request! {"metadata":{"emulator":{"name":"functions"},"message":"[functions] Runtime ready! Sending request!"}}
[debug] [2021-02-08T05:24:14.241Z] [functions] Got req.url=/clone-36ea8/us-central1/api/payments/create?total=5998, mapping to path=/payments/create?total=5998 {"metadata":{"emulator":{"name":"functions"},"message":"[functions] Got req.url=/clone-36ea8/us-central1/api/payments/create?total=5998, mapping to path=/payments/create?total=5998"}}
[debug] [2021-02-08T05:24:14.249Z] [runtime-status] [18020] Ephemeral server handling POST request {"metadata":{"emulator":{"name":"functions"},"function":{"name":"api"},"message":"[runtime-status] [18020] Ephemeral server handling POST request"}}
[info] >  Payment Request Recieved 5998 {"user":"Payment Request Recieved 5998","metadata":{"emulator":{"name":"functions"},"function":{"name":"api"},"message":"\u001b[90m> \u001b[39m Payment Request Recieved 5998"}}
[debug] [2021-02-08T05:24:14.266Z] [runtime-status] [18020] Ephemeral server survived. {"metadata":{"emulator":{"name":"functions"},"function":{"name":"api"},"message":"[runtime-status] [18020] Ephemeral server survived."}}
[info] i  functions: Finished "api" in ~1s {"metadata":{"emulator":{"name":"functions"},"function":{"name":"api"},"message":"Finished \"api\" in ~1s"}}
[debug] [2021-02-08T05:24:14.785Z] [worker-api-02c939f4-fc2c-4ec8-90f2-42091d54ff09]: IDLE {"metadata":{"emulator":{"name":"functions"},"message":"[worker-api-02c939f4-fc2c-4ec8-90f2-42091d54ff09]: IDLE"}}
[debug] [2021-02-08T05:24:14.785Z] [work-queue] {"queueLength":0,"workRunningCount":0}
[debug] [2021-02-08T05:24:30.395Z] [work-queue] {"queueLength":1,"workRunningCount":0}
[debug] [2021-02-08T05:24:30.395Z] [work-queue] {"queueLength":0,"workRunningCount":1}
[debug] [2021-02-08T05:24:30.395Z] Accepted request POST /clone-36ea8/us-central1/api/payments/create?total=5998 --> api
[debug] [2021-02-08T05:24:30.395Z] [worker-pool] submitWork(triggerId=api) {"metadata":{"emulator":{"name":"functions"},"message":"[worker-pool] submitWork(triggerId=api)"}}
[debug] [2021-02-08T05:24:30.395Z] [worker-api-02c939f4-fc2c-4ec8-90f2-42091d54ff09]: Assigning socketPath: /var/folders/tl/t314ytdn4dq0tsf6gzh1mwwc0000gn/T/fire_emu_18020.sock {"metadata":{"emulator":{"name":"functions"},"message":"[worker-api-02c939f4-fc2c-4ec8-90f2-42091d54ff09]: Assigning socketPath: /var/folders/tl/t314ytdn4dq0tsf6gzh1mwwc0000gn/T/fire_emu_18020.sock"}}
[debug] [2021-02-08T05:24:30.396Z] [worker-api-02c939f4-fc2c-4ec8-90f2-42091d54ff09]: BUSY {"metadata":{"emulator":{"name":"functions"},"message":"[worker-api-02c939f4-fc2c-4ec8-90f2-42091d54ff09]: BUSY"}}
[debug] [2021-02-08T05:24:30.396Z] [runtime-status] [18020] Trigger "api" has been found, beginning invocation! {"metadata":{"emulator":{"name":"functions"},"function":{"name":"api"},"message":"[runtime-status] [18020] Trigger \"api\" has been found, beginning invocation!"}}
[info] i  functions: Beginning execution of "api" {"metadata":{"emulator":{"name":"functions"},"function":{"name":"api"},"message":"Beginning execution of \"api\""}}
[debug] [2021-02-08T05:24:30.397Z] [runtime-status] [18020] triggerDefinition {"httpsTrigger":{},"name":"api","entryPoint":"api"} {"metadata":{"emulator":{"name":"functions"},"function":{"name":"api"},"message":"[runtime-status] [18020] triggerDefinition {\"httpsTrigger\":{},\"name\":\"api\",\"entryPoint\":\"api\"}"}}
[debug] [2021-02-08T05:24:30.397Z] [runtime-status] [18020] Running api in mode HTTPS {"metadata":{"emulator":{"name":"functions"},"function":{"name":"api"},"message":"[runtime-status] [18020] Running api in mode HTTPS"}}
[debug] [2021-02-08T05:24:30.397Z] [runtime-status] [18020] Attempting to listen to socketPath: /var/folders/tl/t314ytdn4dq0tsf6gzh1mwwc0000gn/T/fire_emu_18020.sock {"metadata":{"emulator":{"name":"functions"},"function":{"name":"api"},"message":"[runtime-status] [18020] Attempting to listen to socketPath: /var/folders/tl/t314ytdn4dq0tsf6gzh1mwwc0000gn/T/fire_emu_18020.sock"}}
[debug] [2021-02-08T05:24:30.399Z] [functions] Runtime ready! Sending request! {"metadata":{"emulator":{"name":"functions"},"message":"[functions] Runtime ready! Sending request!"}}
[debug] [2021-02-08T05:24:30.400Z] [functions] Got req.url=/clone-36ea8/us-central1/api/payments/create?total=5998, mapping to path=/payments/create?total=5998 {"metadata":{"emulator":{"name":"functions"},"message":"[functions] Got req.url=/clone-36ea8/us-central1/api/payments/create?total=5998, mapping to path=/payments/create?total=5998"}}
[debug] [2021-02-08T05:24:30.402Z] [runtime-status] [18020] Ephemeral server handling POST request {"metadata":{"emulator":{"name":"functions"},"function":{"name":"api"},"message":"[runtime-status] [18020] Ephemeral server handling POST request"}}
[info] >  Payment Request Recieved 5998 {"user":"Payment Request Recieved 5998","metadata":{"emulator":{"name":"functions"},"function":{"name":"api"},"message":"\u001b[90m> \u001b[39m Payment Request Recieved 5998"}}
[debug] [2021-02-08T05:24:30.405Z] [runtime-status] [18020] Ephemeral server survived. {"metadata":{"emulator":{"name":"functions"},"function":{"name":"api"},"message":"[runtime-status] [18020] Ephemeral server survived."}}
[info] i  functions: Finished "api" in ~1s {"metadata":{"emulator":{"name":"functions"},"function":{"name":"api"},"message":"Finished \"api\" in ~1s"}}
[debug] [2021-02-08T05:24:30.602Z] [worker-api-02c939f4-fc2c-4ec8-90f2-42091d54ff09]: IDLE {"metadata":{"emulator":{"name":"functions"},"message":"[worker-api-02c939f4-fc2c-4ec8-90f2-42091d54ff09]: IDLE"}}
[debug] [2021-02-08T05:24:30.603Z] [work-queue] {"queueLength":0,"workRunningCount":0}
